[2972:11516:0710/175740.755:INFO:components\enterprise\browser\controller\chrome_browser_cloud_management_controller.cc:239] No machine level policy manager exists.
[3568:10360:0710/175741.207:ERROR:ui\gl\direct_composition_support.cc:915] CheckFormatSupport failed: Erro não especificado (0x80004005)
[8056:6208:0710/175741.675:WARNING:net\spdy\spdy_session.cc:3186] Received HEADERS for invalid stream 3
[2972:11516:0710/175742.232:INFO:CONSOLE:306] "Event handler of 'x-storagemutated-1' event must be added on the initial evaluation of worker script.", source: https://static.whatsapp.net/rsrc.php/v4/yA/r/5e6pds2pava.js (306)
[2972:11516:0710/175744.349:INFO:CONSOLE:104] "The PerformanceObserver does not support buffered flag with the entryTypes argument.", source: https://static.whatsapp.net/rsrc.php/v4ikVs4/ya/l/pt_BR-j/Y9pO6vstKeYF9BvaiPmYEQN1g3dOkMqxe7WCNx9GZ3Y6HT8zfio19lQzx6BvJEyKjAL4020-Qr4TrWqF0Uf_atZL4vNQf59mdk7mhaBv6lIxw2e0qnL2dG90HfibXh0vdaWGso6pjbbzH2b.js (104)
[2972:11516:0710/175751.422:INFO:CONSOLE:1] "Loading the image 'https://static.whatsapp.net/rsrc.php/yd/r/PfkSLByWV8O.webp' violates the following Content Security Policy directive: "img-src 'self' blob:". The action has been blocked.", source: https://webtp.whatsapp.net/pdf-viewer/?locale=pt_BR (1)
[2972:11516:0710/175751.436:INFO:CONSOLE:1] "Loading the image 'https://static.whatsapp.net/rsrc.php/yI/r/EoOh62-jiPS.webp' violates the following Content Security Policy directive: "img-src 'self' blob:". The action has been blocked.", source: https://webtp.whatsapp.net/pdf-viewer/?locale=pt_BR (1)
[2972:11516:0710/175751.600:INFO:CONSOLE:243] "Permissions policy violation: unload is not allowed in this document.", source: https://static.whatsapp.net/rsrc.php/v4/yD/r/J6C86az-0qm.js (243)
[2972:3380:0710/175755.419:ERROR:google_apis\gcm\engine\registration_request.cc:291] Registration response error message: DEPRECATED_ENDPOINT
[2972:11516:0710/175756.228:INFO:CONSOLE:306] "Event handler of 'x-storagemutated-1' event must be added on the initial evaluation of worker script.", source: https://static.whatsapp.net/rsrc.php/v4/yA/r/5e6pds2pava.js (306)
[2972:3380:0710/175821.514:ERROR:google_apis\gcm\engine\registration_request.cc:291] Registration response error message: DEPRECATED_ENDPOINT
[2972:3380:0710/175916.016:ERROR:google_apis\gcm\engine\registration_request.cc:291] Registration response error message: DEPRECATED_ENDPOINT
[2972:11516:0710/175947.896:INFO:CONSOLE:104] "The PerformanceObserver does not support buffered flag with the entryTypes argument.", source: https://static.whatsapp.net/rsrc.php/v4ikVs4/ya/l/pt_BR-j/Y9pO6vstKeYF9BvaiPmYEQN1g3dOkMqxe7WCNx9GZ3Y6HT8zfio19lQzx6BvJEyKjAL4020-Qr4TrWqF0Uf_atZL4vNQf59mdk7mhaBv6lIxw2e0qnL2dG90HfibXh0vdaWGso6pjbbzH2b.js (104)
[2972:11516:0710/175952.514:INFO:CONSOLE:1] "Loading the image 'https://static.whatsapp.net/rsrc.php/yd/r/PfkSLByWV8O.webp' violates the following Content Security Policy directive: "img-src 'self' blob:". The action has been blocked.", source: https://webtp.whatsapp.net/pdf-viewer/?locale=pt_BR (1)
[2972:11516:0710/175952.517:INFO:CONSOLE:1] "Loading the image 'https://static.whatsapp.net/rsrc.php/yI/r/EoOh62-jiPS.webp' violates the following Content Security Policy directive: "img-src 'self' blob:". The action has been blocked.", source: https://webtp.whatsapp.net/pdf-viewer/?locale=pt_BR (1)
[2972:11516:0710/175952.768:INFO:CONSOLE:243] "Permissions policy violation: unload is not allowed in this document.", source: https://static.whatsapp.net/rsrc.php/v4/yD/r/J6C86az-0qm.js (243)
[2972:11516:0710/180003.700:INFO:CONSOLE:0] "Access to fetch at 'https://dit.whatsapp.net/deidentified_telemetry' from origin 'https://web.whatsapp.com' has been blocked by CORS policy: No 'Access-Control-Allow-Origin' header is present on the requested resource.", source: https://web.whatsapp.com/ (0)
[2972:11516:0710/180004.223:INFO:CONSOLE:0] "Access to fetch at 'https://dit.whatsapp.net/deidentified_telemetry' from origin 'https://web.whatsapp.com' has been blocked by CORS policy: No 'Access-Control-Allow-Origin' header is present on the requested resource.", source: https://web.whatsapp.com/ (0)
[2972:11516:0710/180004.998:INFO:CONSOLE:0] "Access to fetch at 'https://dit.whatsapp.net/deidentified_telemetry' from origin 'https://web.whatsapp.com' has been blocked by CORS policy: No 'Access-Control-Allow-Origin' header is present on the requested resource.", source: https://web.whatsapp.com/ (0)
[2972:11516:0710/180006.452:INFO:CONSOLE:0] "Access to fetch at 'https://dit.whatsapp.net/deidentified_telemetry' from origin 'https://web.whatsapp.com' has been blocked by CORS policy: No 'Access-Control-Allow-Origin' header is present on the requested resource.", source: https://web.whatsapp.com/ (0)
[2972:11516:0710/180013.771:INFO:CONSOLE:104] "The PerformanceObserver does not support buffered flag with the entryTypes argument.", source: https://static.whatsapp.net/rsrc.php/v4ikVs4/ya/l/pt_BR-j/Y9pO6vstKeYF9BvaiPmYEQN1g3dOkMqxe7WCNx9GZ3Y6HT8zfio19lQzx6BvJEyKjAL4020-Qr4TrWqF0Uf_atZL4vNQf59mdk7mhaBv6lIxw2e0qnL2dG90HfibXh0vdaWGso6pjbbzH2b.js (104)
[2972:11516:0710/180022.349:INFO:CONSOLE:1] "Loading the image 'https://static.whatsapp.net/rsrc.php/yd/r/PfkSLByWV8O.webp' violates the following Content Security Policy directive: "img-src 'self' blob:". The action has been blocked.", source: https://webtp.whatsapp.net/pdf-viewer/?locale=pt_BR (1)
[2972:11516:0710/180022.349:INFO:CONSOLE:1] "Loading the image 'https://static.whatsapp.net/rsrc.php/yI/r/EoOh62-jiPS.webp' violates the following Content Security Policy directive: "img-src 'self' blob:". The action has been blocked.", source: https://webtp.whatsapp.net/pdf-viewer/?locale=pt_BR (1)
[2972:11516:0710/180022.838:INFO:CONSOLE:243] "Permissions policy violation: unload is not allowed in this document.", source: https://static.whatsapp.net/rsrc.php/v4/yD/r/J6C86az-0qm.js (243)
[2972:11516:0710/180030.530:INFO:CONSOLE:0] "Access to fetch at 'https://dit.whatsapp.net/deidentified_telemetry' from origin 'https://web.whatsapp.com' has been blocked by CORS policy: No 'Access-Control-Allow-Origin' header is present on the requested resource.", source: https://web.whatsapp.com/ (0)
[2972:11516:0710/180031.047:INFO:CONSOLE:0] "Access to fetch at 'https://dit.whatsapp.net/deidentified_telemetry' from origin 'https://web.whatsapp.com' has been blocked by CORS policy: No 'Access-Control-Allow-Origin' header is present on the requested resource.", source: https://web.whatsapp.com/ (0)
[2972:11516:0710/180031.826:INFO:CONSOLE:0] "Access to fetch at 'https://dit.whatsapp.net/deidentified_telemetry' from origin 'https://web.whatsapp.com' has been blocked by CORS policy: No 'Access-Control-Allow-Origin' header is present on the requested resource.", source: https://web.whatsapp.com/ (0)
[2972:11516:0710/180033.119:INFO:CONSOLE:0] "Access to fetch at 'https://dit.whatsapp.net/deidentified_telemetry' from origin 'https://web.whatsapp.com' has been blocked by CORS policy: No 'Access-Control-Allow-Origin' header is present on the requested resource.", source: https://web.whatsapp.com/ (0)
[2972:3380:0710/180039.936:ERROR:google_apis\gcm\engine\registration_request.cc:291] Registration response error message: DEPRECATED_ENDPOINT
[2972:11516:0710/180040.421:INFO:CONSOLE:104] "The PerformanceObserver does not support buffered flag with the entryTypes argument.", source: https://static.whatsapp.net/rsrc.php/v4ikVs4/ya/l/pt_BR-j/Y9pO6vstKeYF9BvaiPmYEQN1g3dOkMqxe7WCNx9GZ3Y6HT8zfio19lQzx6BvJEyKjAL4020-Qr4TrWqF0Uf_atZL4vNQf59mdk7mhaBv6lIxw2e0qnL2dG90HfibXh0vdaWGso6pjbbzH2b.js (104)
[2972:11516:0710/180048.607:INFO:CONSOLE:1] "Loading the image 'https://static.whatsapp.net/rsrc.php/yd/r/PfkSLByWV8O.webp' violates the following Content Security Policy directive: "img-src 'self' blob:". The action has been blocked.", source: https://webtp.whatsapp.net/pdf-viewer/?locale=pt_BR (1)
[2972:11516:0710/180048.608:INFO:CONSOLE:1] "Loading the image 'https://static.whatsapp.net/rsrc.php/yI/r/EoOh62-jiPS.webp' violates the following Content Security Policy directive: "img-src 'self' blob:". The action has been blocked.", source: https://webtp.whatsapp.net/pdf-viewer/?locale=pt_BR (1)
[2972:11516:0710/180049.231:INFO:CONSOLE:243] "Permissions policy violation: unload is not allowed in this document.", source: https://static.whatsapp.net/rsrc.php/v4/yD/r/J6C86az-0qm.js (243)
[2972:11516:0710/180056.548:INFO:CONSOLE:0] "Access to fetch at 'https://dit.whatsapp.net/deidentified_telemetry' from origin 'https://web.whatsapp.com' has been blocked by CORS policy: No 'Access-Control-Allow-Origin' header is present on the requested resource.", source: https://web.whatsapp.com/ (0)
[2972:11516:0710/180057.049:INFO:CONSOLE:0] "Access to fetch at 'https://dit.whatsapp.net/deidentified_telemetry' from origin 'https://web.whatsapp.com' has been blocked by CORS policy: No 'Access-Control-Allow-Origin' header is present on the requested resource.", source: https://web.whatsapp.com/ (0)
[2972:11516:0710/180057.808:INFO:CONSOLE:0] "Access to fetch at 'https://dit.whatsapp.net/deidentified_telemetry' from origin 'https://web.whatsapp.com' has been blocked by CORS policy: No 'Access-Control-Allow-Origin' header is present on the requested resource.", source: https://web.whatsapp.com/ (0)
[2972:11516:0710/180059.105:INFO:CONSOLE:0] "Access to fetch at 'https://dit.whatsapp.net/deidentified_telemetry' from origin 'https://web.whatsapp.com' has been blocked by CORS policy: No 'Access-Control-Allow-Origin' header is present on the requested resource.", source: https://web.whatsapp.com/ (0)
[2972:11516:0710/180110.726:INFO:CONSOLE:104] "The PerformanceObserver does not support buffered flag with the entryTypes argument.", source: https://static.whatsapp.net/rsrc.php/v4ikVs4/ya/l/pt_BR-j/Y9pO6vstKeYF9BvaiPmYEQN1g3dOkMqxe7WCNx9GZ3Y6HT8zfio19lQzx6BvJEyKjAL4020-Qr4TrWqF0Uf_atZL4vNQf59mdk7mhaBv6lIxw2e0qnL2dG90HfibXh0vdaWGso6pjbbzH2b.js (104)
[2972:11516:0710/180119.172:INFO:CONSOLE:1] "Loading the image 'https://static.whatsapp.net/rsrc.php/yd/r/PfkSLByWV8O.webp' violates the following Content Security Policy directive: "img-src 'self' blob:". The action has been blocked.", source: https://webtp.whatsapp.net/pdf-viewer/?locale=pt_BR (1)
[2972:11516:0710/180119.172:INFO:CONSOLE:1] "Loading the image 'https://static.whatsapp.net/rsrc.php/yI/r/EoOh62-jiPS.webp' violates the following Content Security Policy directive: "img-src 'self' blob:". The action has been blocked.", source: https://webtp.whatsapp.net/pdf-viewer/?locale=pt_BR (1)
[2972:11516:0710/180119.460:INFO:CONSOLE:243] "Permissions policy violation: unload is not allowed in this document.", source: https://static.whatsapp.net/rsrc.php/v4/yD/r/J6C86az-0qm.js (243)
[2972:11516:0710/180126.912:INFO:CONSOLE:0] "Access to fetch at 'https://dit.whatsapp.net/deidentified_telemetry' from origin 'https://web.whatsapp.com' has been blocked by CORS policy: No 'Access-Control-Allow-Origin' header is present on the requested resource.", source: https://web.whatsapp.com/ (0)
[2972:11516:0710/180127.442:INFO:CONSOLE:0] "Access to fetch at 'https://dit.whatsapp.net/deidentified_telemetry' from origin 'https://web.whatsapp.com' has been blocked by CORS policy: No 'Access-Control-Allow-Origin' header is present on the requested resource.", source: https://web.whatsapp.com/ (0)
[2972:11516:0710/180128.353:INFO:CONSOLE:0] "Access to fetch at 'https://dit.whatsapp.net/deidentified_telemetry' from origin 'https://web.whatsapp.com' has been blocked by CORS policy: No 'Access-Control-Allow-Origin' header is present on the requested resource.", source: https://web.whatsapp.com/ (0)
[2972:11516:0710/180129.701:INFO:CONSOLE:0] "Access to fetch at 'https://dit.whatsapp.net/deidentified_telemetry' from origin 'https://web.whatsapp.com' has been blocked by CORS policy: No 'Access-Control-Allow-Origin' header is present on the requested resource.", source: https://web.whatsapp.com/ (0)
[2972:11516:0710/180137.069:INFO:CONSOLE:104] "The PerformanceObserver does not support buffered flag with the entryTypes argument.", source: https://static.whatsapp.net/rsrc.php/v4ikVs4/ya/l/pt_BR-j/Y9pO6vstKeYF9BvaiPmYEQN1g3dOkMqxe7WCNx9GZ3Y6HT8zfio19lQzx6BvJEyKjAL4020-Qr4TrWqF0Uf_atZL4vNQf59mdk7mhaBv6lIxw2e0qnL2dG90HfibXh0vdaWGso6pjbbzH2b.js (104)
[2972:11516:0710/180144.732:INFO:CONSOLE:1] "Loading the image 'https://static.whatsapp.net/rsrc.php/yd/r/PfkSLByWV8O.webp' violates the following Content Security Policy directive: "img-src 'self' blob:". The action has been blocked.", source: https://webtp.whatsapp.net/pdf-viewer/?locale=pt_BR (1)
[2972:11516:0710/180144.732:INFO:CONSOLE:1] "Loading the image 'https://static.whatsapp.net/rsrc.php/yI/r/EoOh62-jiPS.webp' violates the following Content Security Policy directive: "img-src 'self' blob:". The action has been blocked.", source: https://webtp.whatsapp.net/pdf-viewer/?locale=pt_BR (1)
[2972:11516:0710/180145.190:INFO:CONSOLE:243] "Permissions policy violation: unload is not allowed in this document.", source: https://static.whatsapp.net/rsrc.php/v4/yD/r/J6C86az-0qm.js (243)
[2972:11516:0710/180152.775:INFO:CONSOLE:0] "Access to fetch at 'https://dit.whatsapp.net/deidentified_telemetry' from origin 'https://web.whatsapp.com' has been blocked by CORS policy: No 'Access-Control-Allow-Origin' header is present on the requested resource.", source: https://web.whatsapp.com/ (0)
[2972:11516:0710/180153.274:INFO:CONSOLE:0] "Access to fetch at 'https://dit.whatsapp.net/deidentified_telemetry' from origin 'https://web.whatsapp.com' has been blocked by CORS policy: No 'Access-Control-Allow-Origin' header is present on the requested resource.", source: https://web.whatsapp.com/ (0)
[2972:11516:0710/180154.036:INFO:CONSOLE:0] "Access to fetch at 'https://dit.whatsapp.net/deidentified_telemetry' from origin 'https://web.whatsapp.com' has been blocked by CORS policy: No 'Access-Control-Allow-Origin' header is present on the requested resource.", source: https://web.whatsapp.com/ (0)
[2972:11516:0710/180155.312:INFO:CONSOLE:0] "Access to fetch at 'https://dit.whatsapp.net/deidentified_telemetry' from origin 'https://web.whatsapp.com' has been blocked by CORS policy: No 'Access-Control-Allow-Origin' header is present on the requested resource.", source: https://web.whatsapp.com/ (0)
[2972:11516:0710/180202.966:INFO:CONSOLE:104] "The PerformanceObserver does not support buffered flag with the entryTypes argument.", source: https://static.whatsapp.net/rsrc.php/v4ikVs4/ya/l/pt_BR-j/Y9pO6vstKeYF9BvaiPmYEQN1g3dOkMqxe7WCNx9GZ3Y6HT8zfio19lQzx6BvJEyKjAL4020-Qr4TrWqF0Uf_atZL4vNQf59mdk7mhaBv6lIxw2e0qnL2dG90HfibXh0vdaWGso6pjbbzH2b.js (104)
[2972:11516:0710/180212.015:INFO:CONSOLE:1] "Loading the image 'https://static.whatsapp.net/rsrc.php/yd/r/PfkSLByWV8O.webp' violates the following Content Security Policy directive: "img-src 'self' blob:". The action has been blocked.", source: https://webtp.whatsapp.net/pdf-viewer/?locale=pt_BR (1)
[2972:11516:0710/180212.016:INFO:CONSOLE:1] "Loading the image 'https://static.whatsapp.net/rsrc.php/yI/r/EoOh62-jiPS.webp' violates the following Content Security Policy directive: "img-src 'self' blob:". The action has been blocked.", source: https://webtp.whatsapp.net/pdf-viewer/?locale=pt_BR (1)
[2972:11516:0710/180219.798:INFO:CONSOLE:0] "Access to fetch at 'https://dit.whatsapp.net/deidentified_telemetry' from origin 'https://web.whatsapp.com' has been blocked by CORS policy: No 'Access-Control-Allow-Origin' header is present on the requested resource.", source: https://web.whatsapp.com/ (0)
[2972:11516:0710/180220.336:INFO:CONSOLE:0] "Access to fetch at 'https://dit.whatsapp.net/deidentified_telemetry' from origin 'https://web.whatsapp.com' has been blocked by CORS policy: No 'Access-Control-Allow-Origin' header is present on the requested resource.", source: https://web.whatsapp.com/ (0)
[2972:11516:0710/180221.083:INFO:CONSOLE:0] "Access to fetch at 'https://dit.whatsapp.net/deidentified_telemetry' from origin 'https://web.whatsapp.com' has been blocked by CORS policy: No 'Access-Control-Allow-Origin' header is present on the requested resource.", source: https://web.whatsapp.com/ (0)
[2972:11516:0710/180222.398:INFO:CONSOLE:0] "Access to fetch at 'https://dit.whatsapp.net/deidentified_telemetry' from origin 'https://web.whatsapp.com' has been blocked by CORS policy: No 'Access-Control-Allow-Origin' header is present on the requested resource.", source: https://web.whatsapp.com/ (0)
[2972:11516:0710/180230.371:INFO:CONSOLE:104] "The PerformanceObserver does not support buffered flag with the entryTypes argument.", source: https://static.whatsapp.net/rsrc.php/v4ikVs4/ya/l/pt_BR-j/Y9pO6vstKeYF9BvaiPmYEQN1g3dOkMqxe7WCNx9GZ3Y6HT8zfio19lQzx6BvJEyKjAL4020-Qr4TrWqF0Uf_atZL4vNQf59mdk7mhaBv6lIxw2e0qnL2dG90HfibXh0vdaWGso6pjbbzH2b.js (104)
[2972:11516:0710/180240.472:INFO:CONSOLE:1] "Loading the image 'https://static.whatsapp.net/rsrc.php/yd/r/PfkSLByWV8O.webp' violates the following Content Security Policy directive: "img-src 'self' blob:". The action has been blocked.", source: https://webtp.whatsapp.net/pdf-viewer/?locale=pt_BR (1)
[2972:11516:0710/180240.494:INFO:CONSOLE:1] "Loading the image 'https://static.whatsapp.net/rsrc.php/yI/r/EoOh62-jiPS.webp' violates the following Content Security Policy directive: "img-src 'self' blob:". The action has been blocked.", source: https://webtp.whatsapp.net/pdf-viewer/?locale=pt_BR (1)
[2972:11516:0710/180240.986:INFO:CONSOLE:243] "Permissions policy violation: unload is not allowed in this document.", source: https://static.whatsapp.net/rsrc.php/v4/yD/r/J6C86az-0qm.js (243)
[2972:11516:0710/180247.943:INFO:CONSOLE:0] "Access to fetch at 'https://dit.whatsapp.net/deidentified_telemetry' from origin 'https://web.whatsapp.com' has been blocked by CORS policy: No 'Access-Control-Allow-Origin' header is present on the requested resource.", source: https://web.whatsapp.com/ (0)
[2972:11516:0710/180248.672:INFO:CONSOLE:0] "Access to fetch at 'https://dit.whatsapp.net/deidentified_telemetry' from origin 'https://web.whatsapp.com' has been blocked by CORS policy: No 'Access-Control-Allow-Origin' header is present on the requested resource.", source: https://web.whatsapp.com/ (0)
[2972:11516:0710/180249.481:INFO:CONSOLE:0] "Access to fetch at 'https://dit.whatsapp.net/deidentified_telemetry' from origin 'https://web.whatsapp.com' has been blocked by CORS policy: No 'Access-Control-Allow-Origin' header is present on the requested resource.", source: https://web.whatsapp.com/ (0)
[2972:11516:0710/180250.754:INFO:CONSOLE:0] "Access to fetch at 'https://dit.whatsapp.net/deidentified_telemetry' from origin 'https://web.whatsapp.com' has been blocked by CORS policy: No 'Access-Control-Allow-Origin' header is present on the requested resource.", source: https://web.whatsapp.com/ (0)
[2972:11516:0710/180257.382:INFO:CONSOLE:104] "The PerformanceObserver does not support buffered flag with the entryTypes argument.", source: https://static.whatsapp.net/rsrc.php/v4ikVs4/ya/l/pt_BR-j/Y9pO6vstKeYF9BvaiPmYEQN1g3dOkMqxe7WCNx9GZ3Y6HT8zfio19lQzx6BvJEyKjAL4020-Qr4TrWqF0Uf_atZL4vNQf59mdk7mhaBv6lIxw2e0qnL2dG90HfibXh0vdaWGso6pjbbzH2b.js (104)
[2972:11516:0710/180305.396:INFO:CONSOLE:1] "Loading the image 'https://static.whatsapp.net/rsrc.php/yd/r/PfkSLByWV8O.webp' violates the following Content Security Policy directive: "img-src 'self' blob:". The action has been blocked.", source: https://webtp.whatsapp.net/pdf-viewer/?locale=pt_BR (1)
[2972:11516:0710/180305.409:INFO:CONSOLE:1] "Loading the image 'https://static.whatsapp.net/rsrc.php/yI/r/EoOh62-jiPS.webp' violates the following Content Security Policy directive: "img-src 'self' blob:". The action has been blocked.", source: https://webtp.whatsapp.net/pdf-viewer/?locale=pt_BR (1)
[2972:11516:0710/180305.744:INFO:CONSOLE:243] "Permissions policy violation: unload is not allowed in this document.", source: https://static.whatsapp.net/rsrc.php/v4/yD/r/J6C86az-0qm.js (243)
[8056:6208:0710/180305.830:WARNING:net\spdy\spdy_session.cc:3141] Received WINDOW_UPDATE for invalid stream 1
[2972:11516:0710/180313.170:INFO:CONSOLE:0] "Access to fetch at 'https://dit.whatsapp.net/deidentified_telemetry' from origin 'https://web.whatsapp.com' has been blocked by CORS policy: No 'Access-Control-Allow-Origin' header is present on the requested resource.", source: https://web.whatsapp.com/ (0)
[2972:11516:0710/180313.667:INFO:CONSOLE:0] "Access to fetch at 'https://dit.whatsapp.net/deidentified_telemetry' from origin 'https://web.whatsapp.com' has been blocked by CORS policy: No 'Access-Control-Allow-Origin' header is present on the requested resource.", source: https://web.whatsapp.com/ (0)
[2972:11516:0710/180314.452:INFO:CONSOLE:0] "Access to fetch at 'https://dit.whatsapp.net/deidentified_telemetry' from origin 'https://web.whatsapp.com' has been blocked by CORS policy: No 'Access-Control-Allow-Origin' header is present on the requested resource.", source: https://web.whatsapp.com/ (0)
[2972:11516:0710/180315.696:INFO:CONSOLE:0] "Access to fetch at 'https://dit.whatsapp.net/deidentified_telemetry' from origin 'https://web.whatsapp.com' has been blocked by CORS policy: No 'Access-Control-Allow-Origin' header is present on the requested resource.", source: https://web.whatsapp.com/ (0)
[2972:11516:0710/180323.213:INFO:CONSOLE:104] "The PerformanceObserver does not support buffered flag with the entryTypes argument.", source: https://static.whatsapp.net/rsrc.php/v4ikVs4/ya/l/pt_BR-j/Y9pO6vstKeYF9BvaiPmYEQN1g3dOkMqxe7WCNx9GZ3Y6HT8zfio19lQzx6BvJEyKjAL4020-Qr4TrWqF0Uf_atZL4vNQf59mdk7mhaBv6lIxw2e0qnL2dG90HfibXh0vdaWGso6pjbbzH2b.js (104)
[2972:11516:0710/180328.284:INFO:CONSOLE:1] "Loading the image 'https://static.whatsapp.net/rsrc.php/yd/r/PfkSLByWV8O.webp' violates the following Content Security Policy directive: "img-src 'self' blob:". The action has been blocked.", source: https://webtp.whatsapp.net/pdf-viewer/?locale=pt_BR (1)
[2972:11516:0710/180328.285:INFO:CONSOLE:1] "Loading the image 'https://static.whatsapp.net/rsrc.php/yI/r/EoOh62-jiPS.webp' violates the following Content Security Policy directive: "img-src 'self' blob:". The action has been blocked.", source: https://webtp.whatsapp.net/pdf-viewer/?locale=pt_BR (1)
[2972:11516:0710/180328.636:INFO:CONSOLE:243] "Permissions policy violation: unload is not allowed in this document.", source: https://static.whatsapp.net/rsrc.php/v4/yD/r/J6C86az-0qm.js (243)
[2972:11516:0710/180339.274:INFO:CONSOLE:0] "Access to fetch at 'https://dit.whatsapp.net/deidentified_telemetry' from origin 'https://web.whatsapp.com' has been blocked by CORS policy: No 'Access-Control-Allow-Origin' header is present on the requested resource.", source: https://web.whatsapp.com/ (0)
[2972:11516:0710/180339.970:INFO:CONSOLE:0] "Access to fetch at 'https://dit.whatsapp.net/deidentified_telemetry' from origin 'https://web.whatsapp.com' has been blocked by CORS policy: No 'Access-Control-Allow-Origin' header is present on the requested resource.", source: https://web.whatsapp.com/ (0)
